<?xml version="1.0" encoding="UTF-8" ?>
<testsuite tests="4" failures="0" name="experiments.CredentialServiceTest" time="0.1" errors="0" skipped="0">
  <properties>
    <property name="java.runtime.name" value="Java(TM) SE Runtime Environment"/>
    <property name="sun.boot.library.path" value="/home/owen/bin/java/jdk1.8.0_05/jre/lib/amd64"/>
    <property name="java.vm.version" value="25.5-b02"/>
    <property name="java.vm.vendor" value="Oracle Corporation"/>
    <property name="java.vendor.url" value="http://java.oracle.com/"/>
    <property name="path.separator" value=":"/>
    <property name="guice.disable.misplaced.annotation.check" value="true"/>
    <property name="java.vm.name" value="Java HotSpot(TM) 64-Bit Server VM"/>
    <property name="file.encoding.pkg" value="sun.io"/>
    <property name="user.country" value="US"/>
    <property name="sun.java.launcher" value="SUN_STANDARD"/>
    <property name="sun.os.patch.level" value="unknown"/>
    <property name="java.vm.specification.name" value="Java Virtual Machine Specification"/>
    <property name="user.dir" value="/home/owen/workspace/Credentials"/>
    <property name="java.runtime.version" value="1.8.0_05-b13"/>
    <property name="java.awt.graphicsenv" value="sun.awt.X11GraphicsEnvironment"/>
    <property name="java.endorsed.dirs" value="/home/owen/bin/java/jdk1.8.0_05/jre/lib/endorsed"/>
    <property name="os.arch" value="amd64"/>
    <property name="java.io.tmpdir" value="/tmp"/>
    <property name="line.separator" value="
"/>
    <property name="java.vm.specification.vendor" value="Oracle Corporation"/>
    <property name="os.name" value="Linux"/>
    <property name="classworlds.conf" value="/home/owen/workspace/.metadata/.plugins/org.eclipse.m2e.launching/launches/m2conf8234058926356586035.tmp"/>
    <property name="sun.jnu.encoding" value="UTF-8"/>
    <property name="java.library.path" value="/usr/lib64/mpi/gcc/openmpi/lib64:/usr/java/packages/lib/amd64:/usr/lib64:/lib64:/lib:/usr/lib"/>
    <property name="java.specification.name" value="Java Platform API Specification"/>
    <property name="java.class.version" value="52.0"/>
    <property name="sun.management.compiler" value="HotSpot 64-Bit Tiered Compilers"/>
    <property name="os.version" value="3.11.10-17-desktop"/>
    <property name="user.home" value="/home/owen"/>
    <property name="user.timezone" value="America/Winnipeg"/>
    <property name="java.awt.printerjob" value="sun.print.PSPrinterJob"/>
    <property name="file.encoding" value="UTF-8"/>
    <property name="java.specification.version" value="1.8"/>
    <property name="user.name" value="owen"/>
    <property name="java.class.path" value="/home/owen/bin/eclipse/configuration/org.eclipse.osgi/bundles/532/1/.cp/jars/plexus-classworlds-2.4.jar"/>
    <property name="java.vm.specification.version" value="1.8"/>
    <property name="sun.arch.data.model" value="64"/>
    <property name="java.home" value="/home/owen/bin/java/jdk1.8.0_05/jre"/>
    <property name="sun.java.command" value="org.codehaus.plexus.classworlds.launcher.Launcher -B clean package"/>
    <property name="java.specification.vendor" value="Oracle Corporation"/>
    <property name="user.language" value="en"/>
    <property name="awt.toolkit" value="sun.awt.X11.XToolkit"/>
    <property name="java.vm.info" value="mixed mode"/>
    <property name="java.version" value="1.8.0_05"/>
    <property name="java.ext.dirs" value="/home/owen/bin/java/jdk1.8.0_05/jre/lib/ext:/usr/java/packages/lib/ext"/>
    <property name="securerandom.source" value="file:/dev/./urandom"/>
    <property name="sun.boot.class.path" value="/home/owen/bin/java/jdk1.8.0_05/jre/lib/resources.jar:/home/owen/bin/java/jdk1.8.0_05/jre/lib/rt.jar:/home/owen/bin/java/jdk1.8.0_05/jre/lib/sunrsasign.jar:/home/owen/bin/java/jdk1.8.0_05/jre/lib/jsse.jar:/home/owen/bin/java/jdk1.8.0_05/jre/lib/jce.jar:/home/owen/bin/java/jdk1.8.0_05/jre/lib/charsets.jar:/home/owen/bin/java/jdk1.8.0_05/jre/lib/jfr.jar:/home/owen/bin/java/jdk1.8.0_05/jre/classes"/>
    <property name="java.vendor" value="Oracle Corporation"/>
    <property name="maven.home" value="/home/owen/workspace/Credentials/EMBEDDED"/>
    <property name="file.separator" value="/"/>
    <property name="java.vendor.url.bug" value="http://bugreport.sun.com/bugreport/"/>
    <property name="maven.bootclasspath" value="/home/owen/bin/eclipse/configuration/org.eclipse.osgi/bundles/532/1/.cp/jars/plexus-classworlds-2.4.jar"/>
    <property name="sun.cpu.endian" value="little"/>
    <property name="sun.io.unicode.encoding" value="UnicodeLittle"/>
    <property name="sun.desktop" value="gnome"/>
    <property name="sun.cpu.isalist" value=""/>
  </properties>
  <testcase classname="experiments.CredentialServiceTest" name="testBadFirstCharAt" time="0.011"/>
  <testcase classname="experiments.CredentialServiceTest" name="testBadFirstCharMinus" time="0"/>
  <testcase classname="experiments.CredentialServiceTest" name="testBadFirstCharUnderscore" time="0"/>
  <testcase classname="experiments.CredentialServiceTest" name="testBadFirstCharMultipleOtherChars" time="0"/>
</testsuite>